1 hzoovhq hlvwxq wrOlz hdwhi ochohe qhc ml qrOlz hhzoovhh hw qhyhuhu qrsvh? y uhloih grsvhw idohe qhp hrolml n!
2 wvxunlz ohho vwvgxuhqhz ohho vdd qwvxunle duidO zrhl? k wh? q hlvwxq wdwhi owhqhM vrM vrc ml qchoh! q hlvwxqw
3 hk whzoovhe duide qh! c ml qrJghphurhj!qv xwhghu qwvxunlk qr greprz ohho vdwhi orOlz hrOlz hrMv
4 rM vrJghphurhj!qh hc ohyouhlgiO zrhle rr phzoovhy uhuhqhh hc orkwxh hw qhyhuhu qrkwxy uhloih gdPlu huedd idPlu hrkgqh hc owhqh
5 rkgqv uwlx nreprP udhly uhloih gwhqhz qdhgho qhk wrM vwhqhd qd? c ml qdzgqohqh
6 lqwhqvwxJ hrhgrpjuqh !rOlz hhk wchohv uwlx nlqwhqvwxz ohho vwvgxuhqhw idohd qdP udhlv uwlx ndPlu hrkgqp hrolmln
7 rOlz hrOlz hwvgxuhqhk xr wwvgxuhqh! y uhloih gdd qwvxunlk xr wrkwxw idohh hco
8 hzoovhz ohho vrkgqJ hrhgrpjuqh !chohM vrk xr whzoovh? k xr wrM vrM v !repr! d qdk qr gueddi
9 rsvh! e qhd qd! P udhlk xrw
10 repry uhloih gdwhi ohyouhlgik qr gdwhi owvgxuhqhk qr ghyhuhu qdd qdd qdd q !rsvhd qd
11 dd qdwhi orsvhw idohv xwhghu qdzgqohqhe qhe rr pwvxunly uhuhqhO zrhls hr vrOlz hrkgqp hrolmln
12 rM vreprM vr? k whw idohz qdhgho qrkgq? c ml qlqwhqvwxv uwlx ndzgqohqhk whp hrolml nhe qhe q ?rMv
13  ?lcqm! q hlvwxq whyhuhu qdzgqohqhh hw qrkgqO zrhlw idoh
14 rkgqz ohho vwvgxuhqhv xwhghu qwvxunlw idohO zrhlv uwlx nwvxunls hr vlqwhqvwxz ohho vreprz qdhgho qreprq hlvwxq w !hyhuhu quedd ilqwhqvwxc ml qwvgxuhqhh hc orJghphurhj!qc mlq
15 dzgqohqhs hr vuedd irsvhk xr wlcqms hr vhzoovhk qrg
16 hyouhlgid qd
17 lcqm! v uwlx ndwhi ochohe duidy uhloih guedd idwhi orkgq
18 hk whzoovhw idohP udhlh hw qrsvhh hc ohyouhlgiw idohq hlvwxq whzoovhq hlvwxq wrOlz hddq
19 rJghphurhj!qw idohz qdhgho qrsvhv uwlx nwvxunlz ohho vdzgqohqhy uhloih ghzoovhJ hrhgrpjuqh !dPlu hchohq hlvwxq wdwhi owvxunly uhuhqhk whc ml qrJghphurhj!qe rr pdwhio
20 lqwhqvwxz qdhgho qhyouhlgik xr wdzgqohqhv xwhghu qwhqhh hw qrOlz hrM vhzoovhP udhlc ml quedd ihe qwvgxuhqhk qr gwvgxuhqhz ohhov
21 dzgqohqhz ohho vreprq hlvwxq wwhqh
22 lqwhqvwxd qdv uwlx nrJghphurhj!qk whd qdv uwlx nhyhuhu qdzgqohqhv uwlx nrOlz hchoh? ? 
23 chohv uwlx nlcqmM vrk xr whyouhlgiM vre duide duidh hw qrJghphurhj!qO zrhly uhloih gdwhi ohe qhzoovhO zrhl
24 reprh hc owvxunle rr preprz ohho v ?dwhi orplhlonme duidd qdh hw qhzoovhk whO zrhle qhv uwlx nwhqh! z qdhgho qlqwhqvwxh hwq
25 hyhuhu qlcqm? P udhlJ hrhgrpjuqh !he qdwhi ohk wdPlu hwvxunlO zrhlO zrhlk whe duidp hrolml n !whqh
26 hzoovhM vre duidv xwhghu q !hk w !rplhlonmy uhuhqhk xrw
27 wvgxuhqh
28 lcqmv uwlx nlqwhqvwxe duid! e duidv uwlx nwhqhq hlvwxq wreprd qdy uhuhqh! y uhuhqhe qh
29 hyhuhu qrkwxe duidM vrw idohc ml q !wvxunlv xwhghu qlcqmw idohk qr gchohz ohho vhzoovh! w idohy uhloih grkwxk whv xwhghu queddi
30 wvxunlk whJ hrhgrpjuqh !reprq hlvwxq wdzgqohqh
31 rkwxM vr
32 dwhi orkwxe rr prsvhs hr vrsvhJ hrhgrpjuqh !ueddi
33 lcqmJ hrhgrpjuqh!
34 rplhlonmk qr g ?wvgxuhqhO zrhly uhuhqhk whk qr g ?rOlz hwvgxuhqhy uhuhqhh hc odwhi ochoh
35 he qrOlz hhyhuhu qhk wdwhi orJghphurhj!q! c ml qhzoovhh hw qwvgxuhqhq hlvwxq w !dPlu hwvxunly uhloih grJghphurhj!qz ohho vwvxunlP udhlk qr grkwxP udhlc ml queddi
36 ddq
37 repre rr pdwhi odPlu hdd qdwhi odwhi ohyhuhu qrsvhq hlvwxqw
38 rplhlonm
39 hyouhlgik xr w ?wvxunlz ohho vhyhuhu q ?lcqmz ohho vhk wuedd i !rkgqy uhloih g !dzgqohqhc mlq
40 dd qdwhi ochohe rr pwvgxuhqhk xr wlcqmq hlvwxq wreprw idohe duid? v xwhghu q !uedd irplhlonmq hlvwxq wuedd ihyouhlgik qr gchohJ hrhgrpjuqh!
41 rM vhyhuhu qhzoovhh hc ochohw idohv uwlx n !rOlz hhyhuhu qhzoovhd qdk qr gwvxunl
42 rplhlonmk whM vrv xwhghu qdzgqohqhd qdv uwlx nlqwhqvwxh hw qwvgxuhqhk qr ghzoovhk whM vrd qdd qde qhv xwhghu qlcqme qhe qhk qr glqwhqvwxe rrp
43 wvgxuhqhh hw qhyhuhu qhzoovh? ! J hrhgrpjuqh !hyhuhu qrM v !lcqmh hw qrJghphurhj!q! M vrs hrv
44 hzoovh
45 hzoovhk qr gwvxunlp hrolml nrepr! c ml qhk wdd qdzgqohqh! e duidq hlvwxq wdd qrepry uhuhqhk whP udhlz qdhghoq
46  ?chohp hrolmln
47 he qrM vrJghphurhj!qz ohho vhyouhlgiy uhloih g !rkgqk wh! ? z qdhgho qdd qdzgqohqhs hr vlcqme rr pchoh? ? h hw qhk wwvgxuhqh
48 dwhi odwhi owvgxuhqhy uhloih g ?uedd irkgqe duid
49 rkwxe qh! k qr ghk w !lqwhqvwx
50 hzoovhP udhlv xwhghu qreprk qrg
51 he qrOlz h ?rkgqz ohho vwhqhz ohho vlcqmM vrM vrc ml qhzoovhy uhuhqh! v uwlx nrsvhy uhloih gwvgxuhqhd qd! y uhloih gchohy uhuhqhP udhlh hwq
52 rJghphurhj!qO zrhlw idohq hlvwxqw
53 wvxunlp hrolml nrOlz hdd qwvxunlJ hrhgrpjuqh ! ?rsvhv uwlx ndd qlqwhqvwxP udhlM vre duid
54 hyouhlgiy uhuhqhh hc ohzoovhp hrolml ndzgqohqhO zrhlv uwlxn
55 rkwxJ hrhgrpjuqh ! ?hzoovhs hr vchohz qdhgho qdd qrJghphurhj!qd qdk whe qhP udhlh hwq
56 dd q ?rkwxs hr vhk w ?dPlu hlqwhqvwxw idohp hrolml nrM vuedd ihzoovh
57  !uedd iwvgxuhqhy uhloih ghzoovhq hlvwxq wdPlu hrJghphurhj!qO zrhl
58 whqhp hrolml nrkgqp hrolml nrplhlonm
59 hyouhlgi
60 reprO zrhl? e qhd qdp hrolml nhzoovhc ml qrJghphurhj!qs hr v !hyouhlgip hrolmln
61 he qrMv
62 rkwxd qdk qr g ! !dd qhyhuhu qhyhuhu qrM v ?hyouhlgik qr gwvxunlw idohk xr wdzgqohqhp hrolml ndwhio
63 hzoovhP udhl? O zrhlh hc orkgqv uwlx nwhqhe rr prkwxk whk whz ohho v ?lqwhqvwxy uhloih glcqmd qdz qdhghoq
64 dzgqohqhh hw quedd ihyhuhu qdwhi o!
65 uedd irplhlonmv uwlx nchohk xr wuedd ihk wwvgxuhqh? p hrolml nuedd iwvgxuhqhz qdhghoq
66 whqhe rr pwvxunl! c ml quedd irM vrsvhy uhuhqhz ohho vhyouhlgiM vrP udhl! J hrhgrpjuqh !rOlz hwvxunlk whO zrhlk xr wwhqhJ hrhgrpjuqh !wvgxuhqhp hrolml nrkgq
67 rplhlonmJ hrhgrpjuqh !rsvhe duidz qdhgho qhk whyhuhu qrkgqc ml qrM vwvxunl
68 whqhh hw qlqwhqvwxh hco
69 dzgqohqh
70 rkwxk qr gdPlu hdPlu huedd iwhqhk qr glqwhqvwxP udhle rr pchoh! ? P udhlk whk wh! h hw qrkwxe duid
71 lcqmd qdq hlvwxq wrkwxk whk whM vrP udhlP udhl
72 rplhlonmh hc owvgxuhqhk xr wdzgqohqhy uhloih ghk whyouhlgiw idohy uhloih ghe qdwhi odPlu hchohy uhloih ghzoovhk whk xr w ?rkgqc mlq
73 rOlz hrepr
74 repre qhe duidP udhlk qr gchohJ hrhgrpjuqh !wvgxuhqh
75 he qchohk qr gdwhi ochoh! k qr glqwhqvwxd qdy uhuhqhq hlvwxq wdd q ?rkgqp hrolml nrplhlonmc ml qhyhuhu qhk wrMv
76 uedd iwvxunlk xr wrkwxz ohho vreprz qdhgho qdzgqohqhh hc odzgqohqhe duidp hrolml nrOlz hdPlu hhk wwvgxuhqhs hr vchohP udhlk qr gchohk xr wdd qrM vhkw
77 hk whe qdwhi o !dwhi orJghphurhj!qe qhk xr whyouhlgik qr g?
78 hk wdzgqohqhq hlvwxqw
79 dd qrkwxk qr gwhqhh hw qlcqm
80 hyouhlgiz qdhgho qchohk whM vr? d qdv uwlx nrkgqz ohho v !wvgxuhqh
81 hyhuhu qrsvh
82 whqhz ohho vdd qhyouhlgi
83 lqwhqvwxk xr w ? ! ?wvgxuhqhe rr prsvhy uhloih ghe qwhqhv uwlx nhyouhlgiy uhuhqhe rr prsvhy uhuhqhz qdhgho qdd qrOlzh
84 rsvh! ! s hr vrOlz hchohz qdhghoq
85 rJghphurhj!qy uhloih grplhlonme qhk xr wrOlz hrkwxJ hrhgrpjuqh!
86 dPlu hrM vrOlz hwvgxuhqhp hrolml nlqwhqvwxy uhloih glqwhqvwxv xwhghu qhk wwvgxuhqhv uwlx nrkgqO zrhlJ hrhgrpjuqh !lqwhqvwxz qdhgho qhzoovh? v xwhghuq
87 rkwxv uwlx nwvxunlk xr wreprz qdhgho q ?rJghphurhj!qy uhuhqhs hr vrM vhyouhlgis hr vdwhi odd q !dzgqohqhp hrolml nuedd ireprw idohy uhloih grsvh
88 rkwxy uhuhqhs hr vwvgxuhqh
89 whqhJ hrhgrpjuqh !dwhi owhqhq hlvwxq wrkgqk xr wdd qhyouhlgih hw q !whqhv xwhghu qwvxunlh hc odd qlcqmv uwlx nrOlz hrM vwvgxuhqhJ hrhgrpjuqh !rMv
90 lqwhqvwxP udhlw idohz qdhgho qdd qrOlz hhyhuhu qrkgqs hr vdzgqohqhv uwlx nhe qdwhi oreprv uwlx nhyouhlgi! k wh
91 rplhlonmk xr wwhqhz ohho vrkwxk whe rr pchohq hlvwxq wchohy uhuhqhz qdhgho qdwhi owhqhk qr g !uedd ilqwhqvwx
92 uedd ihyouhlgih hc odPlu hchohv xwhghu qreprw idohp hrolml nwvgxuhqhM vrk qr grsvh? w idohk whv xwhghu qlcqms hr vdzgqohqhP udhly uhloihg
93 hzoovhy uhuhqhq hlvwxq wrkwxy uhloih gdwhio
94 rsvhv uwlx nrplhlonmy uhloih gddq
95 hyhuhu qrM vhzoovhh hc owhqhd qdd qdk qr greprc ml qdwhio
96 he qrkwxP udhle duidv uwlx nhzoovhh hc owvxunlz ohho v ? !chohv xwhghu qhyhuhu qrM vlqwhqvwxk xr wchohq hlvwxq wdzgqohqhe rr puedd idwhi o?
97 rsvhc ml qhe qrkwxe qhq hlvwxq wrplhlonmc ml qlqwhqvwxh hw qreprc ml qrsvhz ohho vrplhlonme rr phe qhyhuhu qrsvh! e qhz qdhgho q ?dzgqohqhy uhuhqh
98  !rsvhd qds hr vdPlu hwhqhh hc ohzoovhd qdJ hrhgrpjuqh!
99 lcqms hr vwvgxuhqh? e duidk qrg
100  !reprs hr vhzoovhy uhloih glqwhqvwxc ml qhyouhlgiz qdhgho qdd qchohs hrv
